<?xml version="1.0" encoding="UTF-8"?>
<!-- Generated by org.testng.reporters.JUnitReportReporter -->
<testsuite skipped="0" hostname="DESKTOP-736A7HP" name="test.GoogleSearchTest" tests="1" failures="0" timestamp="2020-06-30T17:23:00 EDT" time="13.061" errors="0">
  <testcase name="googleSearchTest" time="13.061" classname="test.GoogleSearchTest"/>
  <system-out/>
</testsuite> <!-- test.GoogleSearchTest -->
